<?xml version="1.0" encoding="UTF-8"?>
<!-- Generated by org.testng.reporters.JUnitXMLReporter -->
<testsuite hostname="CHNMCT279709L" name="My Hub spot Test Cases" tests="3" failures="3" timestamp="26 Jun 2020 06:05:28 GMT" time="40.89" errors="0">
  <testcase name="loginPageTitleTest" time="0.037" classname="com.mytests.LoginTest">
    <failure type="java.lang.AssertionError" message="expected [HubSpot Login] but found [Checking browser]">
      <![CDATA[java.lang.AssertionError: expected [HubSpot Login] but found [Checking browser]
	at com.mytests.LoginTest.loginPageTitleTest(LoginTest.java:16)
... Removed 29 stack frames]]>
    </failure>
  </testcase> <!-- loginPageTitleTest -->
  <testcase name="loginPageHeaderTest" time="0.115" classname="com.mytests.LoginTest">
    <failure type="java.lang.NullPointerException">
      <![CDATA[java.lang.NullPointerException
	at com.mypages.BasePage.getPageHeader(BasePage.java:22)
	at com.mypages.LoginPage.getLoginPageHeader(LoginPage.java:50)
	at com.mytests.LoginTest.loginPageHeaderTest(LoginTest.java:21)
... Removed 24 stack frames]]>
    </failure>
  </testcase> <!-- loginPageHeaderTest -->
  <testcase name="doLoginTest" time="0.038" classname="com.mytests.LoginTest">
    <failure type="java.lang.NullPointerException">
      <![CDATA[java.lang.NullPointerException
	at com.mypages.LoginPage.doLogin(LoginPage.java:54)
	at com.mytests.LoginTest.doLoginTest(LoginTest.java:27)
... Removed 24 stack frames]]>
    </failure>
  </testcase> <!-- doLoginTest -->
</testsuite> <!-- My Hub spot Test Cases -->
